<?xml version="1.0" encoding="UTF-8"?>
<testsuites name="Changes Test Suite" time="5" tests="3" failures="0" errors="0">
   <testsuite name="Changes Test Suite" tests="3" failures="0" errors="0" time="5" timestamp="2018-12-18 14:36:01" hostname="hatha - DESKTOP-EG6P0UN.attlocal.net" id="Test Suites/Changes/Changes Test Suite">
      <properties>
         <property name="deviceName" value=""/>
         <property name="devicePlatform" value=""/>
         <property name="logFolder" value="C:\\Training\\API Testing\\APITestingTheMovieDB\\Reports\\Changes\\Changes Test Suite\\20181218_143559"/>
         <property name="logFiles" value="C:\\Training\\API Testing\\APITestingTheMovieDB\\Reports\\Changes\\Changes Test Suite\\20181218_143559\\execution0.log"/>
         <property name="attachments" value=""/>
         <property name="hostName" value="hatha - DESKTOP-EG6P0UN.attlocal.net"/>
         <property name="hostAddress" value="192.168.1.80"/>
         <property name="os" value="Windows 10 64bit"/>
         <property name="katalonVersion" value="5.8.5.1"/>
      </properties>
      <testcase name="Test Cases/Changes/01 Test Get Movie Change List" classname="Test Cases/Changes/01 Test Get Movie Change List" status="PASSED">
         <system-out><![CDATA[2018-12-18 14:36:02 - [TEST_CASE][PASSED] - Test Cases/Changes/01 Test Get Movie Change List: Test Cases/Changes/01 Test Get Movie Change List

2018-12-18 14:36:02 - [TEST_STEP][PASSED] - Statement - response1 = com.kms.katalon.core.webservice.keyword.WSBuiltInKeywords.sendRequest(com.kms.katalon.core.testobject.ObjectRepository.findTestObject(Changes/Get Movie Change List)): Send request successfully

2018-12-18 14:36:04 - [MESSAGE][PASSED] - Send request successfully

2018-12-18 14:36:04 - [TEST_STEP][PASSED] - Statement - theMovieDB.TheMovieDBCommon.printDataValue(response1, "Changes/Get Movie Change List"): null]]></system-out>
         <system-err><![CDATA[]]></system-err>
      </testcase>
      <testcase name="Test Cases/Changes/02 Test Get Person Change List" classname="Test Cases/Changes/02 Test Get Person Change List" status="PASSED">
         <system-out><![CDATA[2018-12-18 14:36:04 - [TEST_CASE][PASSED] - Test Cases/Changes/02 Test Get Person Change List: Test Cases/Changes/02 Test Get Person Change List

2018-12-18 14:36:04 - [TEST_STEP][PASSED] - Statement - response1 = com.kms.katalon.core.webservice.keyword.WSBuiltInKeywords.sendRequest(com.kms.katalon.core.testobject.ObjectRepository.findTestObject(Changes/Get Person Change List)): Send request successfully

2018-12-18 14:36:05 - [MESSAGE][PASSED] - Send request successfully

2018-12-18 14:36:05 - [TEST_STEP][PASSED] - Statement - theMovieDB.TheMovieDBCommon.printDataValue(response1, "Changes/Get Person Change List"): null]]></system-out>
         <system-err><![CDATA[]]></system-err>
      </testcase>
      <testcase name="Test Cases/Changes/03 Test Get TV Change List" classname="Test Cases/Changes/03 Test Get TV Change List" status="PASSED">
         <system-out><![CDATA[2018-12-18 14:36:05 - [TEST_CASE][PASSED] - Test Cases/Changes/03 Test Get TV Change List: Test Cases/Changes/03 Test Get TV Change List

2018-12-18 14:36:05 - [TEST_STEP][PASSED] - Statement - response1 = com.kms.katalon.core.webservice.keyword.WSBuiltInKeywords.sendRequest(com.kms.katalon.core.testobject.ObjectRepository.findTestObject(Changes/Get TV Change List)): Send request successfully

2018-12-18 14:36:06 - [MESSAGE][PASSED] - Send request successfully

2018-12-18 14:36:06 - [TEST_STEP][PASSED] - Statement - theMovieDB.TheMovieDBCommon.printDataValue(response1, "Changes/Get TV Change List"): null]]></system-out>
         <system-err><![CDATA[]]></system-err>
      </testcase>
      <system-out><![CDATA[2018-12-18 14:36:01 - [TEST_SUITE][PASSED] - Changes Test Suite: Test Cases/Changes/03 Test Get TV Change List]]></system-out>
      <system-err><![CDATA[]]></system-err>
   </testsuite>
</testsuites>
