<?xml version="1.0" encoding="UTF-8"?>
<testsuites name="List 03 Test Remove All Movie in the list" time="4" tests="1" failures="0" errors="0">
   <testsuite name="List 03 Test Remove All Movie in the list" tests="1" failures="0" errors="0" time="4" timestamp="2018-12-18 15:39:58" hostname="hatha - DESKTOP-EG6P0UN.attlocal.net" id="Test Suites/List/List 03 Test Remove All Movie in the list">
      <properties>
         <property name="deviceName" value=""/>
         <property name="devicePlatform" value=""/>
         <property name="logFolder" value="C:\\Training\\API Testing\\APITestingTheMovieDB\\Reports\\List\\List 03 Test Remove All Movie in the list\\20181218_153954"/>
         <property name="logFiles" value="C:\\Training\\API Testing\\APITestingTheMovieDB\\Reports\\List\\List 03 Test Remove All Movie in the list\\20181218_153954\\execution0.log"/>
         <property name="attachments" value=""/>
         <property name="hostName" value="hatha - DESKTOP-EG6P0UN.attlocal.net"/>
         <property name="hostAddress" value="192.168.1.80"/>
         <property name="os" value="Windows 10 64bit"/>
         <property name="katalonVersion" value="5.8.5.1"/>
      </properties>
      <testcase name="Test Cases/List/Test Remove All Movie in the list" classname="Test Cases/List/Test Remove All Movie in the list" status="PASSED">
         <system-out><![CDATA[2018-12-18 15:39:58 - [TEST_CASE][PASSED] - Test Cases/List/Test Remove All Movie in the list: Test Cases/List/Test Remove All Movie in the list

2018-12-18 15:39:59 - [TEST_STEP][PASSED] - Statement - common = new theMovieDB.TheMovieDBCommon(): null

2018-12-18 15:39:59 - [TEST_STEP][PASSED] - Statement - sessionID = common.getSessionID(): Send request successfully

2018-12-18 15:40:01 - [MESSAGE][PASSED] - Send request successfully

2018-12-18 15:40:02 - [MESSAGE][PASSED] - Send request successfully

2018-12-18 15:40:02 - [MESSAGE][PASSED] - Send request successfully

2018-12-18 15:40:02 - [TEST_STEP][PASSED] - Statement - body = null: null

2018-12-18 15:40:02 - [TEST_STEP][PASSED] - Statement - response1 = <not implemented yet for class: org.codehaus.groovy.ast.expr.EmptyExpression>: null

2018-12-18 15:40:02 - [TEST_STEP][PASSED] - Statement - movieID = null: null

2018-12-18 15:40:02 - [TEST_STEP][PASSED] - Statement - reqObj1 = com.kms.katalon.core.testobject.ObjectRepository.findTestObject(List/Get Details): Finding Test Object with id 'Object Repository/List/Get Details'

2018-12-18 15:40:02 - [TEST_STEP][PASSED] - Statement - urlStr = "https://api.themoviedb.org/3/list/" + listID + "?": null

2018-12-18 15:40:02 - [TEST_STEP][PASSED] - Statement - reqObj1.setRestUrl(urlStr): null

2018-12-18 15:40:02 - [TEST_STEP][PASSED] - Statement - params = new java.util.ArrayList(): null

2018-12-18 15:40:02 - [TEST_STEP][PASSED] - Statement - params.add(new com.kms.katalon.core.testobject.TestObjectProperty(api_key, com.kms.katalon.core.testobject.ConditionType.EQUALS, internal.GlobalVariable.apiKey)): null

2018-12-18 15:40:02 - [TEST_STEP][PASSED] - Statement - reqObj1.setRestParameters(params): null

2018-12-18 15:40:02 - [TEST_STEP][PASSED] - Statement - itemCount = -1: null

2018-12-18 15:40:02 - [TEST_STEP][PASSED] - Statement - response1 = com.kms.katalon.core.webservice.keyword.WSBuiltInKeywords.sendRequest(reqObj1): Send request successfully

2018-12-18 15:40:02 - [MESSAGE][PASSED] - Send request successfully

2018-12-18 15:40:02 - [TEST_STEP][PASSED] - Statement - If (response1.getStatusCode() != 200): Send request successfully

2018-12-18 15:40:02 - [MESSAGE][PASSED] - Send request successfully

2018-12-18 15:40:02 - [TEST_STEP][PASSED] - Statement - theMovieDB.TheMovieDBCommon.printDataValue(response1, "List/Get Details"): null

2018-12-18 15:40:02 - [TEST_STEP][PASSED] - Statement - slurper = new groovy.json.JsonSlurper(): null

2018-12-18 15:40:02 - [TEST_STEP][PASSED] - Statement - dataValue = null: null

2018-12-18 15:40:02 - [TEST_STEP][PASSED] - Statement - println("********** response1.getStatusCode(): " + response1.getStatusCode()): null

2018-12-18 15:40:02 - [TEST_STEP][PASSED] - Statement - If (response1.getStatusCode() == 200): null

2018-12-18 15:40:02 - [TEST_STEP][PASSED] - Statement - dataValue = slurper.parseText(response1.getResponseBodyContent()): null

2018-12-18 15:40:02 - [TEST_STEP][PASSED] - Statement - itemCount = items.size() - 1: null

2018-12-18 15:40:02 - [TEST_STEP][PASSED] - Statement - println("********** item count: " + itemCount): null

2018-12-18 15:40:02 - [TEST_STEP][PASSED] - Statement - reqObj = com.kms.katalon.core.testobject.ObjectRepository.findTestObject(List/Remove Movie): Finding Test Object with id 'Object Repository/List/Remove Movie'

2018-12-18 15:40:02 - [TEST_STEP][PASSED] - Statement - urlStr = "https://api.themoviedb.org/3/list/" + listID + "/remove_item?": null

2018-12-18 15:40:02 - [TEST_STEP][PASSED] - Statement - reqObj.setRestUrl(urlStr): null

2018-12-18 15:40:02 - [TEST_STEP][PASSED] - Statement - params = new java.util.ArrayList(): null

2018-12-18 15:40:02 - [TEST_STEP][PASSED] - Statement - params.add(new com.kms.katalon.core.testobject.TestObjectProperty(api_key, com.kms.katalon.core.testobject.ConditionType.EQUALS, internal.GlobalVariable.apiKey)): null

2018-12-18 15:40:02 - [TEST_STEP][PASSED] - Statement - params.add(new com.kms.katalon.core.testobject.TestObjectProperty(session_id, com.kms.katalon.core.testobject.ConditionType.EQUALS, sessionID)): null

2018-12-18 15:40:02 - [TEST_STEP][PASSED] - Statement - reqObj.setRestParameters(params): null

2018-12-18 15:40:02 - [TEST_STEP][PASSED] - Statement - println("********** dataValue: " + dataValue): null

2018-12-18 15:40:02 - [TEST_STEP][PASSED] - Statement - If (itemCount >= 0): null

2018-12-18 15:40:02 - [TEST_STEP][PASSED] - Statement - response1 = com.kms.katalon.core.webservice.keyword.WSBuiltInKeywords.sendRequest(reqObj1): Send request successfully

2018-12-18 15:40:02 - [MESSAGE][PASSED] - Send request successfully

2018-12-18 15:40:02 - [TEST_STEP][PASSED] - Statement - theMovieDB.TheMovieDBCommon.printDataValue(response1, "List/Get Details"): null]]></system-out>
         <system-err><![CDATA[]]></system-err>
      </testcase>
      <system-out><![CDATA[2018-12-18 15:39:58 - [TEST_SUITE][PASSED] - List 03 Test Remove All Movie in the list: Test Cases/List/Test Remove All Movie in the list]]></system-out>
      <system-err><![CDATA[]]></system-err>
   </testsuite>
</testsuites>
