<?xml version="1.0" encoding="UTF-8"?>
<testsuites name="02 TV Season TV Airing Today and" time="5" tests="3" failures="0" errors="0">
   <testsuite name="02 TV Season TV Airing Today and" tests="3" failures="0" errors="0" time="5" timestamp="2018-12-12 16:27:31" hostname="hatha - DESKTOP-EG6P0UN.attlocal.net" id="Test Suites/TV Seasons/02 TV Season TV Airing Today and">
      <properties>
         <property name="deviceName" value=""/>
         <property name="devicePlatform" value=""/>
         <property name="logFolder" value="C:\\Training\\API Testing\\APITestingTheMovieDB\\Reports\\TV Seasons\\02 TV Season TV Airing Today and\\20181212_162728"/>
         <property name="logFiles" value="C:\\Training\\API Testing\\APITestingTheMovieDB\\Reports\\TV Seasons\\02 TV Season TV Airing Today and\\20181212_162728\\execution0.log"/>
         <property name="attachments" value=""/>
         <property name="hostName" value="hatha - DESKTOP-EG6P0UN.attlocal.net"/>
         <property name="hostAddress" value="192.168.1.80"/>
         <property name="os" value="Windows 10 64bit"/>
         <property name="katalonVersion" value="5.8.5.1"/>
      </properties>
      <testcase name="Test Cases/TV Seasons/06 Get TV Airing Today Get External IDs" classname="Test Cases/TV Seasons/06 Get TV Airing Today Get External IDs" status="PASSED">
         <system-out><![CDATA[2018-12-12 16:27:31 - [TEST_CASE][PASSED] - Test Cases/TV Seasons/06 Get TV Airing Today Get External IDs: Test Cases/TV Seasons/06 Get TV Airing Today Get External IDs

2018-12-12 16:27:32 - [TEST_STEP][PASSED] - Statement - response1 = theMovieDB.TVShow.getTVAiringToday(): Send request successfully

2018-12-12 16:27:33 - [MESSAGE][PASSED] - Send request successfully

2018-12-12 16:27:33 - [TEST_STEP][PASSED] - Statement - TVID = theMovieDB.TVShow.getRandomTV(response1): null

2018-12-12 16:27:33 - [TEST_STEP][PASSED] - Statement - response1 = theMovieDB.TVShow.getDetails(TVID): Send request successfully

2018-12-12 16:27:33 - [MESSAGE][PASSED] - Send request successfully

2018-12-12 16:27:33 - [TEST_STEP][PASSED] - Statement - seasonNo = theMovieDB.TVShow.getRandomSeason(response1): null

2018-12-12 16:27:33 - [TEST_STEP][PASSED] - Statement - response1 = theMovieDB.TVSeasons.getExternalIDs(TVID, seasonNo): Send request successfully

2018-12-12 16:27:34 - [MESSAGE][PASSED] - Send request successfully

2018-12-12 16:27:34 - [TEST_STEP][PASSED] - Statement - theMovieDB.TheMovieDBCommon.printDataValue(response1, "TV Seasons/Get External IDs for TVID: " + TVID + "; season Number: " + seasonNo): null]]></system-out>
         <system-err><![CDATA[]]></system-err>
      </testcase>
      <testcase name="Test Cases/TV Seasons/07 Get TV Airing Today Get Images" classname="Test Cases/TV Seasons/07 Get TV Airing Today Get Images" status="PASSED">
         <system-out><![CDATA[2018-12-12 16:27:34 - [TEST_CASE][PASSED] - Test Cases/TV Seasons/07 Get TV Airing Today Get Images: Test Cases/TV Seasons/07 Get TV Airing Today Get Images

2018-12-12 16:27:34 - [TEST_STEP][PASSED] - Statement - response1 = theMovieDB.TVShow.getTVAiringToday(): Send request successfully

2018-12-12 16:27:34 - [MESSAGE][PASSED] - Send request successfully

2018-12-12 16:27:34 - [TEST_STEP][PASSED] - Statement - TVID = theMovieDB.TVShow.getRandomTV(response1): null

2018-12-12 16:27:34 - [TEST_STEP][PASSED] - Statement - response1 = theMovieDB.TVShow.getDetails(TVID): Send request successfully

2018-12-12 16:27:34 - [MESSAGE][PASSED] - Send request successfully

2018-12-12 16:27:34 - [TEST_STEP][PASSED] - Statement - seasonNo = theMovieDB.TVShow.getRandomSeason(response1): null

2018-12-12 16:27:34 - [TEST_STEP][PASSED] - Statement - response1 = theMovieDB.TVSeasons.getImages(TVID, seasonNo): Send request successfully

2018-12-12 16:27:35 - [MESSAGE][PASSED] - Send request successfully

2018-12-12 16:27:35 - [TEST_STEP][PASSED] - Statement - theMovieDB.TheMovieDBCommon.printDataValue(response1, "TV Seasons/Get Images for TVID: " + TVID + "; season Number: " + seasonNo): null]]></system-out>
         <system-err><![CDATA[]]></system-err>
      </testcase>
      <testcase name="Test Cases/TV Seasons/08 Get TV Airing Today Get Videos" classname="Test Cases/TV Seasons/08 Get TV Airing Today Get Videos" status="PASSED">
         <system-out><![CDATA[2018-12-12 16:27:35 - [TEST_CASE][PASSED] - Test Cases/TV Seasons/08 Get TV Airing Today Get Videos: Test Cases/TV Seasons/08 Get TV Airing Today Get Videos

2018-12-12 16:27:35 - [TEST_STEP][PASSED] - Statement - response1 = theMovieDB.TVShow.getTVAiringToday(): Send request successfully

2018-12-12 16:27:35 - [MESSAGE][PASSED] - Send request successfully

2018-12-12 16:27:35 - [TEST_STEP][PASSED] - Statement - TVID = theMovieDB.TVShow.getRandomTV(response1): null

2018-12-12 16:27:35 - [TEST_STEP][PASSED] - Statement - response1 = theMovieDB.TVShow.getDetails(TVID): Send request successfully

2018-12-12 16:27:35 - [MESSAGE][PASSED] - Send request successfully

2018-12-12 16:27:35 - [TEST_STEP][PASSED] - Statement - seasonNo = theMovieDB.TVShow.getRandomSeason(response1): null

2018-12-12 16:27:35 - [TEST_STEP][PASSED] - Statement - response1 = theMovieDB.TVSeasons.getVideos(TVID, seasonNo): Send request successfully

2018-12-12 16:27:36 - [MESSAGE][PASSED] - Send request successfully

2018-12-12 16:27:36 - [TEST_STEP][PASSED] - Statement - theMovieDB.TheMovieDBCommon.printDataValue(response1, "TV Seasons/Get Videos for TVID: " + TVID + "; season Number: " + seasonNo): null]]></system-out>
         <system-err><![CDATA[]]></system-err>
      </testcase>
      <system-out><![CDATA[2018-12-12 16:27:31 - [TEST_SUITE][PASSED] - 02 TV Season TV Airing Today and: Test Cases/TV Seasons/08 Get TV Airing Today Get Videos]]></system-out>
      <system-err><![CDATA[]]></system-err>
   </testsuite>
</testsuites>
