<?xml version="1.0" encoding="UTF-8"?>
<testsuites name="Discovers 02" time="5" tests="6" failures="0" errors="0">
   <testsuite name="Discovers 02" tests="6" failures="0" errors="0" time="5" timestamp="2018-12-18 18:43:38" hostname="hatha - DESKTOP-EG6P0UN.attlocal.net" id="Test Suites/Discover/Discovers 02">
      <properties>
         <property name="deviceName" value=""/>
         <property name="devicePlatform" value=""/>
         <property name="logFolder" value="C:\\Training\\API Testing\\APITestingTheMovieDB\\Reports\\Discover\\Discovers 02\\20181218_184336"/>
         <property name="logFiles" value="C:\\Training\\API Testing\\APITestingTheMovieDB\\Reports\\Discover\\Discovers 02\\20181218_184336\\execution0.log"/>
         <property name="attachments" value=""/>
         <property name="hostName" value="hatha - DESKTOP-EG6P0UN.attlocal.net"/>
         <property name="hostAddress" value="192.168.1.80"/>
         <property name="os" value="Windows 10 64bit"/>
         <property name="katalonVersion" value="5.8.5.1"/>
      </properties>
      <testcase name="Test Cases/Discover/07 Test What is are the best movies from 2015" classname="Test Cases/Discover/07 Test What is are the best movies from 2015" status="PASSED">
         <system-out><![CDATA[2018-12-18 18:43:38 - [TEST_CASE][PASSED] - Test Cases/Discover/07 Test What is are the best movies from 2015: Test Cases/Discover/07 Test What is are the best movies from 2015

2018-12-18 18:43:39 - [TEST_STEP][PASSED] - Statement - reqObj = com.kms.katalon.core.testobject.ObjectRepository.findTestObject(Discover/Movie Discover): Finding Test Object with id 'Object Repository/Discover/Movie Discover'

2018-12-18 18:43:39 - [TEST_STEP][PASSED] - Statement - params = new java.util.ArrayList(): null

2018-12-18 18:43:39 - [TEST_STEP][PASSED] - Statement - params.add(new com.kms.katalon.core.testobject.TestObjectProperty(api_key, com.kms.katalon.core.testobject.ConditionType.EQUALS, internal.GlobalVariable.apiKey)): null

2018-12-18 18:43:39 - [TEST_STEP][PASSED] - Statement - params.add(new com.kms.katalon.core.testobject.TestObjectProperty(primary_release_year, com.kms.katalon.core.testobject.ConditionType.EQUALS, 2015)): null

2018-12-18 18:43:39 - [TEST_STEP][PASSED] - Statement - params.add(new com.kms.katalon.core.testobject.TestObjectProperty(sort_by, com.kms.katalon.core.testobject.ConditionType.EQUALS, vote_average.desc)): null

2018-12-18 18:43:39 - [TEST_STEP][PASSED] - Statement - reqObj.setRestParameters(params): null

2018-12-18 18:43:39 - [TEST_STEP][PASSED] - Statement - resObj = com.kms.katalon.core.webservice.keyword.WSBuiltInKeywords.sendRequest(reqObj): Send request successfully

2018-12-18 18:43:40 - [MESSAGE][PASSED] - Send request successfully

2018-12-18 18:43:40 - [TEST_STEP][PASSED] - verifyElementPropertyValue: Verify element property value successfully

2018-12-18 18:43:41 - [MESSAGE][PASSED] - Verify element property value successfully

2018-12-18 18:43:41 - [TEST_STEP][PASSED] - Statement - theMovieDB.TheMovieDBCommon.printDataValue(resObj, "What is are the best movies from 2015"): null]]></system-out>
         <system-err><![CDATA[]]></system-err>
      </testcase>
      <testcase name="Test Cases/Discover/08 Test What are the best dramas that were released this year" classname="Test Cases/Discover/08 Test What are the best dramas that were released this year" status="PASSED">
         <system-out><![CDATA[2018-12-18 18:43:41 - [TEST_CASE][PASSED] - Test Cases/Discover/08 Test What are the best dramas that were released this year: Test Cases/Discover/08 Test What are the best dramas that were released this year

2018-12-18 18:43:41 - [TEST_STEP][PASSED] - Statement - reqObj = com.kms.katalon.core.testobject.ObjectRepository.findTestObject(Discover/Movie Discover): Finding Test Object with id 'Object Repository/Discover/Movie Discover'

2018-12-18 18:43:41 - [TEST_STEP][PASSED] - Statement - params = new java.util.ArrayList(): null

2018-12-18 18:43:41 - [TEST_STEP][PASSED] - Statement - params.add(new com.kms.katalon.core.testobject.TestObjectProperty(api_key, com.kms.katalon.core.testobject.ConditionType.EQUALS, internal.GlobalVariable.apiKey)): null

2018-12-18 18:43:41 - [TEST_STEP][PASSED] - Statement - params.add(new com.kms.katalon.core.testobject.TestObjectProperty(primary_release_year, com.kms.katalon.core.testobject.ConditionType.EQUALS, 2018)): null

2018-12-18 18:43:41 - [TEST_STEP][PASSED] - Statement - params.add(new com.kms.katalon.core.testobject.TestObjectProperty(with_genres, com.kms.katalon.core.testobject.ConditionType.EQUALS, 18)): null

2018-12-18 18:43:41 - [TEST_STEP][PASSED] - Statement - params.add(new com.kms.katalon.core.testobject.TestObjectProperty(sort_by, com.kms.katalon.core.testobject.ConditionType.EQUALS, vote_average.desc)): null

2018-12-18 18:43:41 - [TEST_STEP][PASSED] - Statement - reqObj.setRestParameters(params): null

2018-12-18 18:43:41 - [TEST_STEP][PASSED] - Statement - resObj = com.kms.katalon.core.webservice.keyword.WSBuiltInKeywords.sendRequest(reqObj): Send request successfully

2018-12-18 18:43:41 - [MESSAGE][PASSED] - Send request successfully

2018-12-18 18:43:41 - [TEST_STEP][PASSED] - verifyElementPropertyValue: Verify element property value successfully

2018-12-18 18:43:41 - [MESSAGE][PASSED] - Verify element property value successfully

2018-12-18 18:43:41 - [TEST_STEP][PASSED] - Statement - theMovieDB.TheMovieDBCommon.printDataValue(resObj, "What are the best dramas that were released this year"): null]]></system-out>
         <system-err><![CDATA[]]></system-err>
      </testcase>
      <testcase name="Test Cases/Discover/09 Test What are the highest rated science fiction movies that Tom Cruise has been in" classname="Test Cases/Discover/09 Test What are the highest rated science fiction movies that Tom Cruise has been in" status="PASSED">
         <system-out><![CDATA[2018-12-18 18:43:41 - [TEST_CASE][PASSED] - Test Cases/Discover/09 Test What are the highest rated science fiction movies that Tom Cruise has been in: Test Cases/Discover/09 Test What are the highest rated science fiction movies that Tom Cruise has been in

2018-12-18 18:43:42 - [TEST_STEP][PASSED] - Statement - reqObj = com.kms.katalon.core.testobject.ObjectRepository.findTestObject(Discover/Movie Discover): Finding Test Object with id 'Object Repository/Discover/Movie Discover'

2018-12-18 18:43:42 - [TEST_STEP][PASSED] - Statement - params = new java.util.ArrayList(): null

2018-12-18 18:43:42 - [TEST_STEP][PASSED] - Statement - params.add(new com.kms.katalon.core.testobject.TestObjectProperty(api_key, com.kms.katalon.core.testobject.ConditionType.EQUALS, internal.GlobalVariable.apiKey)): null

2018-12-18 18:43:42 - [TEST_STEP][PASSED] - Statement - params.add(new com.kms.katalon.core.testobject.TestObjectProperty(with_genres, com.kms.katalon.core.testobject.ConditionType.EQUALS, 878)): null

2018-12-18 18:43:42 - [TEST_STEP][PASSED] - Statement - params.add(new com.kms.katalon.core.testobject.TestObjectProperty(with_cast, com.kms.katalon.core.testobject.ConditionType.EQUALS, 500)): null

2018-12-18 18:43:42 - [TEST_STEP][PASSED] - Statement - params.add(new com.kms.katalon.core.testobject.TestObjectProperty(sort_by, com.kms.katalon.core.testobject.ConditionType.EQUALS, vote_average.desc)): null

2018-12-18 18:43:42 - [TEST_STEP][PASSED] - Statement - reqObj.setRestParameters(params): null

2018-12-18 18:43:42 - [TEST_STEP][PASSED] - Statement - resObj = com.kms.katalon.core.webservice.keyword.WSBuiltInKeywords.sendRequest(reqObj): Send request successfully

2018-12-18 18:43:42 - [MESSAGE][PASSED] - Send request successfully

2018-12-18 18:43:42 - [TEST_STEP][PASSED] - verifyElementPropertyValue: Verify element property value successfully

2018-12-18 18:43:42 - [MESSAGE][PASSED] - Verify element property value successfully

2018-12-18 18:43:42 - [TEST_STEP][PASSED] - Statement - theMovieDB.TheMovieDBCommon.printDataValue(resObj, "What are the most popular movies"): null]]></system-out>
         <system-err><![CDATA[]]></system-err>
      </testcase>
      <testcase name="Test Cases/Discover/10 Test Has David Fincher ever worked with Rooney Mara" classname="Test Cases/Discover/10 Test Has David Fincher ever worked with Rooney Mara" status="PASSED">
         <system-out><![CDATA[2018-12-18 18:43:42 - [TEST_CASE][PASSED] - Test Cases/Discover/10 Test Has David Fincher ever worked with Rooney Mara: Test Cases/Discover/10 Test Has David Fincher ever worked with Rooney Mara

2018-12-18 18:43:42 - [TEST_STEP][PASSED] - Statement - reqObj = com.kms.katalon.core.testobject.ObjectRepository.findTestObject(Discover/Movie Discover): Finding Test Object with id 'Object Repository/Discover/Movie Discover'

2018-12-18 18:43:42 - [TEST_STEP][PASSED] - Statement - params = new java.util.ArrayList(): null

2018-12-18 18:43:42 - [TEST_STEP][PASSED] - Statement - params.add(new com.kms.katalon.core.testobject.TestObjectProperty(api_key, com.kms.katalon.core.testobject.ConditionType.EQUALS, internal.GlobalVariable.apiKey)): null

2018-12-18 18:43:42 - [TEST_STEP][PASSED] - Statement - params.add(new com.kms.katalon.core.testobject.TestObjectProperty(with_people, com.kms.katalon.core.testobject.ConditionType.EQUALS, 108916,7467)): null

2018-12-18 18:43:42 - [TEST_STEP][PASSED] - Statement - params.add(new com.kms.katalon.core.testobject.TestObjectProperty(sort_by, com.kms.katalon.core.testobject.ConditionType.EQUALS, popularity.desc)): null

2018-12-18 18:43:42 - [TEST_STEP][PASSED] - Statement - reqObj.setRestParameters(params): null

2018-12-18 18:43:42 - [TEST_STEP][PASSED] - Statement - resObj = com.kms.katalon.core.webservice.keyword.WSBuiltInKeywords.sendRequest(reqObj): Send request successfully

2018-12-18 18:43:43 - [MESSAGE][PASSED] - Send request successfully

2018-12-18 18:43:43 - [TEST_STEP][PASSED] - Statement - theMovieDB.TheMovieDBCommon.printDataValue(resObj, "Has David Fincher ever worked with Rooney Mara"): null

2018-12-18 18:43:43 - [TEST_STEP][PASSED] - verifyElementPropertyValue: Verify element property value successfully

2018-12-18 18:43:43 - [MESSAGE][PASSED] - Verify element property value successfully]]></system-out>
         <system-err><![CDATA[]]></system-err>
      </testcase>
      <testcase name="Test Cases/Discover/11 What are the best drama Movie" classname="Test Cases/Discover/11 What are the best drama Movie" status="PASSED">
         <system-out><![CDATA[2018-12-18 18:43:43 - [TEST_CASE][PASSED] - Test Cases/Discover/11 What are the best drama Movie: Test Cases/Discover/11 What are the best drama Movie

2018-12-18 18:43:43 - [TEST_STEP][PASSED] - Statement - reqObj = com.kms.katalon.core.testobject.ObjectRepository.findTestObject(Discover/Movie Discover): Finding Test Object with id 'Object Repository/Discover/Movie Discover'

2018-12-18 18:43:43 - [TEST_STEP][PASSED] - Statement - params = new java.util.ArrayList(): null

2018-12-18 18:43:43 - [TEST_STEP][PASSED] - Statement - params.add(new com.kms.katalon.core.testobject.TestObjectProperty(api_key, com.kms.katalon.core.testobject.ConditionType.EQUALS, internal.GlobalVariable.apiKey)): null

2018-12-18 18:43:43 - [TEST_STEP][PASSED] - Statement - params.add(new com.kms.katalon.core.testobject.TestObjectProperty(with_genres, com.kms.katalon.core.testobject.ConditionType.EQUALS, 18)): null

2018-12-18 18:43:43 - [TEST_STEP][PASSED] - Statement - params.add(new com.kms.katalon.core.testobject.TestObjectProperty(sort_by, com.kms.katalon.core.testobject.ConditionType.EQUALS, vote_average.desc)): null

2018-12-18 18:43:43 - [TEST_STEP][PASSED] - Statement - params.add(new com.kms.katalon.core.testobject.TestObjectProperty(vote_count.gte, com.kms.katalon.core.testobject.ConditionType.EQUALS, 10)): null

2018-12-18 18:43:43 - [TEST_STEP][PASSED] - Statement - reqObj.setRestParameters(params): null

2018-12-18 18:43:43 - [TEST_STEP][PASSED] - Statement - resObj = com.kms.katalon.core.webservice.keyword.WSBuiltInKeywords.sendRequest(reqObj): Send request successfully

2018-12-18 18:43:43 - [MESSAGE][PASSED] - Send request successfully

2018-12-18 18:43:43 - [TEST_STEP][PASSED] - Statement - theMovieDB.TheMovieDBCommon.printDataValue(resObj, "What are the best drama's"): null

2018-12-18 18:43:43 - [TEST_STEP][PASSED] - verifyElementPropertyValue: Verify element property value successfully

2018-12-18 18:43:43 - [MESSAGE][PASSED] - Verify element property value successfully]]></system-out>
         <system-err><![CDATA[]]></system-err>
      </testcase>
      <testcase name="Test Cases/Discover/12 What are Liam Neesons highest grossing rated R movies" classname="Test Cases/Discover/12 What are Liam Neesons highest grossing rated R movies" status="PASSED">
         <system-out><![CDATA[2018-12-18 18:43:43 - [TEST_CASE][PASSED] - Test Cases/Discover/12 What are Liam Neesons highest grossing rated R movies: Test Cases/Discover/12 What are Liam Neesons highest grossing rated R movies

2018-12-18 18:43:44 - [TEST_STEP][PASSED] - Statement - reqObj = com.kms.katalon.core.testobject.ObjectRepository.findTestObject(Discover/Movie Discover): Finding Test Object with id 'Object Repository/Discover/Movie Discover'

2018-12-18 18:43:44 - [TEST_STEP][PASSED] - Statement - params = new java.util.ArrayList(): null

2018-12-18 18:43:44 - [TEST_STEP][PASSED] - Statement - params.add(new com.kms.katalon.core.testobject.TestObjectProperty(api_key, com.kms.katalon.core.testobject.ConditionType.EQUALS, internal.GlobalVariable.apiKey)): null

2018-12-18 18:43:44 - [TEST_STEP][PASSED] - Statement - params.add(new com.kms.katalon.core.testobject.TestObjectProperty(certification_country, com.kms.katalon.core.testobject.ConditionType.EQUALS, US)): null

2018-12-18 18:43:44 - [TEST_STEP][PASSED] - Statement - params.add(new com.kms.katalon.core.testobject.TestObjectProperty(certification, com.kms.katalon.core.testobject.ConditionType.EQUALS, R)): null

2018-12-18 18:43:44 - [TEST_STEP][PASSED] - Statement - params.add(new com.kms.katalon.core.testobject.TestObjectProperty(sort_by, com.kms.katalon.core.testobject.ConditionType.EQUALS, revenue.desc)): null

2018-12-18 18:43:44 - [TEST_STEP][PASSED] - Statement - params.add(new com.kms.katalon.core.testobject.TestObjectProperty(with_cast, com.kms.katalon.core.testobject.ConditionType.EQUALS, 3896)): null

2018-12-18 18:43:44 - [TEST_STEP][PASSED] - Statement - reqObj.setRestParameters(params): null

2018-12-18 18:43:44 - [TEST_STEP][PASSED] - Statement - resObj = com.kms.katalon.core.webservice.keyword.WSBuiltInKeywords.sendRequest(reqObj): Send request successfully

2018-12-18 18:43:44 - [MESSAGE][PASSED] - Send request successfully

2018-12-18 18:43:44 - [TEST_STEP][PASSED] - Statement - theMovieDB.TheMovieDBCommon.printDataValue(resObj, "What are Liam Neeson's highest grossing rated 'R' movies"): null

2018-12-18 18:43:44 - [TEST_STEP][PASSED] - verifyElementPropertyValue: Verify element property value successfully

2018-12-18 18:43:44 - [MESSAGE][PASSED] - Verify element property value successfully]]></system-out>
         <system-err><![CDATA[]]></system-err>
      </testcase>
      <system-out><![CDATA[2018-12-18 18:43:38 - [TEST_SUITE][PASSED] - Discovers 02: Test Cases/Discover/12 What are Liam Neesons highest grossing rated R movies]]></system-out>
      <system-err><![CDATA[]]></system-err>
   </testsuite>
</testsuites>
