<?xml version="1.0" encoding="UTF-8"?>
<testsuites name="Movie 04 Get Latest, Search then" time="6" tests="7" failures="0" errors="0">
   <testsuite name="Movie 04 Get Latest, Search then" tests="7" failures="0" errors="0" time="6" timestamp="2018-12-11 11:17:07" hostname="hatha - DESKTOP-EG6P0UN.attlocal.net" id="Test Suites/Movie/Movie 04 Get Latest, Search then">
      <properties>
         <property name="deviceName" value=""/>
         <property name="devicePlatform" value=""/>
         <property name="logFolder" value="C:\\Training\\API Testing\\APITestingTheMovieDB\\Reports\\Movie\\Movie 04 Get Latest, Search then\\20181211_111704"/>
         <property name="logFiles" value="C:\\Training\\API Testing\\APITestingTheMovieDB\\Reports\\Movie\\Movie 04 Get Latest, Search then\\20181211_111704\\execution0.log"/>
         <property name="attachments" value=""/>
         <property name="hostName" value="hatha - DESKTOP-EG6P0UN.attlocal.net"/>
         <property name="hostAddress" value="192.168.1.80"/>
         <property name="os" value="Windows 10 64bit"/>
         <property name="katalonVersion" value="5.8.5.1"/>
      </properties>
      <testcase name="Test Cases/Movie/10 Get Latest then Get Credits" classname="Test Cases/Movie/10 Get Latest then Get Credits" status="PASSED">
         <system-out><![CDATA[2018-12-11 11:17:07 - [TEST_CASE][PASSED] - Test Cases/Movie/10 Get Latest then Get Credits: Test Cases/Movie/10 Get Latest then Get Credits

2018-12-11 11:17:08 - [TEST_STEP][PASSED] - Statement - response1 = com.kms.katalon.core.webservice.keyword.WSBuiltInKeywords.sendRequest(com.kms.katalon.core.testobject.ObjectRepository.findTestObject(Movies/Get Latest)): Send request successfully

2018-12-11 11:17:09 - [MESSAGE][PASSED] - Send request successfully

2018-12-11 11:17:09 - [TEST_STEP][PASSED] - Statement - slurper = new groovy.json.JsonSlurper(): null

2018-12-11 11:17:09 - [TEST_STEP][PASSED] - Statement - dataValue = slurper.parseText(response1.getResponseBodyContent()): null

2018-12-11 11:17:09 - [TEST_STEP][PASSED] - Statement - movieID = id: null

2018-12-11 11:17:09 - [TEST_STEP][PASSED] - Statement - response1 = theMovieDB.Movie.getCredits(movieID): Send request successfully

2018-12-11 11:17:09 - [MESSAGE][PASSED] - Send request successfully

2018-12-11 11:17:09 - [TEST_STEP][PASSED] - Statement - theMovieDB.TheMovieDBCommon.printDataValue(response1, "Movies/Get Credits"): null]]></system-out>
         <system-err><![CDATA[]]></system-err>
      </testcase>
      <testcase name="Test Cases/Movie/11 SearchMoviesThenGetDetails" classname="Test Cases/Movie/11 SearchMoviesThenGetDetails" status="PASSED">
         <system-out><![CDATA[2018-12-11 11:17:09 - [TEST_CASE][PASSED] - Test Cases/Movie/11 SearchMoviesThenGetDetails: Test Cases/Movie/11 SearchMoviesThenGetDetails

2018-12-11 11:17:10 - [TEST_STEP][PASSED] - Statement - response1 = theMovieDB.Movie.getDetails(theMovieDB.Search.getRandomMovieAterSearching("query=1&year=2018")): Send request successfully

2018-12-11 11:17:10 - [MESSAGE][PASSED] - Send request successfully

2018-12-11 11:17:10 - [MESSAGE][PASSED] - Send request successfully

2018-12-11 11:17:10 - [TEST_STEP][PASSED] - Statement - theMovieDB.TheMovieDBCommon.printDataValue(response1, "Movie Get Details"): null]]></system-out>
         <system-err><![CDATA[]]></system-err>
      </testcase>
      <testcase name="Test Cases/Movie/18 Get Upcoming Get Release Dates" classname="Test Cases/Movie/18 Get Upcoming Get Release Dates" status="PASSED">
         <system-out><![CDATA[2018-12-11 11:17:10 - [TEST_CASE][PASSED] - Test Cases/Movie/18 Get Upcoming Get Release Dates: Test Cases/Movie/18 Get Upcoming Get Release Dates

2018-12-11 11:17:11 - [TEST_STEP][PASSED] - Statement - response1 = theMovieDB.Movie.getUpComing(): Send request successfully

2018-12-11 11:17:11 - [MESSAGE][PASSED] - Send request successfully

2018-12-11 11:17:11 - [TEST_STEP][PASSED] - Statement - movieID = theMovieDB.Movie.getRandomMovie(response1): null

2018-12-11 11:17:11 - [TEST_STEP][PASSED] - Statement - If (movieID != -1): null

2018-12-11 11:17:11 - [TEST_STEP][PASSED] - Statement - response1 = theMovieDB.Movie.getReleaseDates(movieID): Send request successfully

2018-12-11 11:17:11 - [MESSAGE][PASSED] - Send request successfully

2018-12-11 11:17:11 - [TEST_STEP][PASSED] - Statement - theMovieDB.TheMovieDBCommon.printDataValue(response1, "Movies/Rate Movie"): null]]></system-out>
         <system-err><![CDATA[]]></system-err>
      </testcase>
      <testcase name="Test Cases/Movie/19 Get Latest Get Keywords" classname="Test Cases/Movie/19 Get Latest Get Keywords" status="PASSED">
         <system-out><![CDATA[2018-12-11 11:17:11 - [TEST_CASE][PASSED] - Test Cases/Movie/19 Get Latest Get Keywords: Test Cases/Movie/19 Get Latest Get Keywords

2018-12-11 11:17:11 - [TEST_STEP][PASSED] - Statement - response1 = theMovieDB.Movie.getlatest(): Send request successfully

2018-12-11 11:17:12 - [MESSAGE][PASSED] - Send request successfully

2018-12-11 11:17:12 - [TEST_STEP][PASSED] - Statement - theMovieDB.TheMovieDBCommon.printDataValue(response1, "Movies/Get Latest"): null

2018-12-11 11:17:12 - [TEST_STEP][PASSED] - Statement - slurper = new groovy.json.JsonSlurper(): null

2018-12-11 11:17:12 - [TEST_STEP][PASSED] - Statement - dataValue = slurper.parseText(response1.getResponseBodyContent()): null

2018-12-11 11:17:12 - [TEST_STEP][PASSED] - Statement - movieID = id: null

2018-12-11 11:17:12 - [TEST_STEP][PASSED] - Statement - response1 = theMovieDB.Movie.getKeywords(movieID): Send request successfully

2018-12-11 11:17:12 - [MESSAGE][PASSED] - Send request successfully

2018-12-11 11:17:12 - [TEST_STEP][PASSED] - Statement - theMovieDB.TheMovieDBCommon.printDataValue(response1, "Movies/Rate Movie"): null]]></system-out>
         <system-err><![CDATA[]]></system-err>
      </testcase>
      <testcase name="Test Cases/Movie/20 Get Top Rated Get Videos" classname="Test Cases/Movie/20 Get Top Rated Get Videos" status="PASSED">
         <system-out><![CDATA[2018-12-11 11:17:12 - [TEST_CASE][PASSED] - Test Cases/Movie/20 Get Top Rated Get Videos: Test Cases/Movie/20 Get Top Rated Get Videos

2018-12-11 11:17:12 - [TEST_STEP][PASSED] - Statement - response1 = theMovieDB.Movie.getTopRated(): Send request successfully

2018-12-11 11:17:12 - [MESSAGE][PASSED] - Send request successfully

2018-12-11 11:17:12 - [TEST_STEP][PASSED] - Statement - movieID = theMovieDB.Movie.getRandomMovie(response1): null

2018-12-11 11:17:12 - [TEST_STEP][PASSED] - Statement - If (movieID != -1): null

2018-12-11 11:17:12 - [TEST_STEP][PASSED] - Statement - response1 = theMovieDB.Movie.getVideos(movieID): Send request successfully

2018-12-11 11:17:12 - [MESSAGE][PASSED] - Send request successfully

2018-12-11 11:17:12 - [TEST_STEP][PASSED] - Statement - theMovieDB.TheMovieDBCommon.printDataValue(response1, "Movies/Get Videos"): null]]></system-out>
         <system-err><![CDATA[]]></system-err>
      </testcase>
      <testcase name="Test Cases/Movie/21 Get Top Rated Get Recommendations" classname="Test Cases/Movie/21 Get Top Rated Get Recommendations" status="PASSED">
         <system-out><![CDATA[2018-12-11 11:17:12 - [TEST_CASE][PASSED] - Test Cases/Movie/21 Get Top Rated Get Recommendations: Test Cases/Movie/21 Get Top Rated Get Recommendations

2018-12-11 11:17:13 - [TEST_STEP][PASSED] - Statement - response1 = theMovieDB.Movie.getTopRated(): Send request successfully

2018-12-11 11:17:13 - [MESSAGE][PASSED] - Send request successfully

2018-12-11 11:17:13 - [TEST_STEP][PASSED] - Statement - movieID = theMovieDB.Movie.getRandomMovie(response1): null

2018-12-11 11:17:13 - [TEST_STEP][PASSED] - Statement - If (movieID != -1): null

2018-12-11 11:17:13 - [TEST_STEP][PASSED] - Statement - response1 = theMovieDB.Movie.getRecommendations(movieID): Send request successfully

2018-12-11 11:17:13 - [MESSAGE][PASSED] - Send request successfully

2018-12-11 11:17:13 - [TEST_STEP][PASSED] - Statement - theMovieDB.TheMovieDBCommon.printDataValue(response1, "Movies/Get Recommendations"): null]]></system-out>
         <system-err><![CDATA[]]></system-err>
      </testcase>
      <testcase name="Test Cases/Movie/22 Get Top Rated Delete Rating" classname="Test Cases/Movie/22 Get Top Rated Delete Rating" status="PASSED">
         <system-out><![CDATA[2018-12-11 11:17:13 - [TEST_CASE][PASSED] - Test Cases/Movie/22 Get Top Rated Delete Rating: Test Cases/Movie/22 Get Top Rated Delete Rating

2018-12-11 11:17:13 - [TEST_STEP][PASSED] - Statement - response1 = theMovieDB.Movie.getTopRated(): Send request successfully

2018-12-11 11:17:13 - [MESSAGE][PASSED] - Send request successfully

2018-12-11 11:17:13 - [TEST_STEP][PASSED] - Statement - movieID = theMovieDB.Movie.getRandomMovie(response1): null

2018-12-11 11:17:13 - [TEST_STEP][PASSED] - Statement - If (movieID != -1): null

2018-12-11 11:17:13 - [TEST_STEP][PASSED] - Statement - response1 = theMovieDB.Movie.deleteRating(movieID): Send request successfully

2018-12-11 11:17:14 - [MESSAGE][PASSED] - Send request successfully

2018-12-11 11:17:14 - [TEST_STEP][PASSED] - Statement - theMovieDB.TheMovieDBCommon.printDataValue(response1, "Movies/Delete Rating"): null]]></system-out>
         <system-err><![CDATA[]]></system-err>
      </testcase>
      <system-out><![CDATA[2018-12-11 11:17:07 - [TEST_SUITE][PASSED] - Movie 04 Get Latest, Search then: Test Cases/Movie/22 Get Top Rated Delete Rating]]></system-out>
      <system-err><![CDATA[]]></system-err>
   </testsuite>
</testsuites>
