<?xml version="1.0" encoding="UTF-8"?>
<testsuites name="01 TV Season TV On Air and" time="7" tests="5" failures="0" errors="0">
   <testsuite name="01 TV Season TV On Air and" tests="5" failures="0" errors="0" time="7" timestamp="2018-12-12 16:27:06" hostname="hatha - DESKTOP-EG6P0UN.attlocal.net" id="Test Suites/TV Seasons/01 TV Season TV On Air and">
      <properties>
         <property name="deviceName" value=""/>
         <property name="devicePlatform" value=""/>
         <property name="logFolder" value="C:\\Training\\API Testing\\APITestingTheMovieDB\\Reports\\TV Seasons\\01 TV Season TV On Air and\\20181212_162703"/>
         <property name="logFiles" value="C:\\Training\\API Testing\\APITestingTheMovieDB\\Reports\\TV Seasons\\01 TV Season TV On Air and\\20181212_162703\\execution0.log"/>
         <property name="attachments" value=""/>
         <property name="hostName" value="hatha - DESKTOP-EG6P0UN.attlocal.net"/>
         <property name="hostAddress" value="192.168.1.80"/>
         <property name="os" value="Windows 10 64bit"/>
         <property name="katalonVersion" value="5.8.5.1"/>
      </properties>
      <testcase name="Test Cases/TV Seasons/01 Get TV On Air the Get Season Details" classname="Test Cases/TV Seasons/01 Get TV On Air the Get Season Details" status="PASSED">
         <system-out><![CDATA[2018-12-12 16:27:06 - [TEST_CASE][PASSED] - Test Cases/TV Seasons/01 Get TV On Air the Get Season Details: Test Cases/TV Seasons/01 Get TV On Air the Get Season Details

2018-12-12 16:27:07 - [TEST_STEP][PASSED] - Statement - response1 = theMovieDB.TVShow.getTVOnTheAir(): Send request successfully

2018-12-12 16:27:08 - [MESSAGE][PASSED] - Send request successfully

2018-12-12 16:27:08 - [TEST_STEP][PASSED] - Statement - TVID = theMovieDB.TVShow.getRandomTV(response1): null

2018-12-12 16:27:08 - [TEST_STEP][PASSED] - Statement - response1 = theMovieDB.TVShow.getDetails(TVID): Send request successfully

2018-12-12 16:27:08 - [MESSAGE][PASSED] - Send request successfully

2018-12-12 16:27:08 - [TEST_STEP][PASSED] - Statement - theMovieDB.TheMovieDBCommon.printDataValue(response1, "TV/Get Details for TVID: " + TVID): null

2018-12-12 16:27:08 - [TEST_STEP][PASSED] - Statement - seasonNo = theMovieDB.TVShow.getRandomSeason(response1): null

2018-12-12 16:27:08 - [TEST_STEP][PASSED] - Statement - response1 = theMovieDB.TVSeasons.getDetails(TVID, seasonNo): Send request successfully

2018-12-12 16:27:09 - [MESSAGE][PASSED] - Send request successfully

2018-12-12 16:27:09 - [TEST_STEP][PASSED] - Statement - theMovieDB.TheMovieDBCommon.printDataValue(response1, "TV Seasons/Get Details for TVID: " + TVID + "; season Number: " + seasonNo): null]]></system-out>
         <system-err><![CDATA[]]></system-err>
      </testcase>
      <testcase name="Test Cases/TV Seasons/02 Get TV On Air the Get Account States" classname="Test Cases/TV Seasons/02 Get TV On Air the Get Account States" status="PASSED">
         <system-out><![CDATA[2018-12-12 16:27:09 - [TEST_CASE][PASSED] - Test Cases/TV Seasons/02 Get TV On Air the Get Account States: Test Cases/TV Seasons/02 Get TV On Air the Get Account States

2018-12-12 16:27:09 - [TEST_STEP][PASSED] - Statement - response1 = theMovieDB.TVShow.getTVOnTheAir(): Send request successfully

2018-12-12 16:27:09 - [MESSAGE][PASSED] - Send request successfully

2018-12-12 16:27:09 - [TEST_STEP][PASSED] - Statement - TVID = theMovieDB.TVShow.getRandomTV(response1): null

2018-12-12 16:27:09 - [TEST_STEP][PASSED] - Statement - response1 = theMovieDB.TVShow.getDetails(TVID): Send request successfully

2018-12-12 16:27:09 - [MESSAGE][PASSED] - Send request successfully

2018-12-12 16:27:09 - [TEST_STEP][PASSED] - Statement - theMovieDB.TheMovieDBCommon.printDataValue(response1, "TV/Get Details for TVID: " + TVID): null

2018-12-12 16:27:09 - [TEST_STEP][PASSED] - Statement - seasonNo = theMovieDB.TVShow.getRandomSeason(response1): null

2018-12-12 16:27:09 - [TEST_STEP][PASSED] - Statement - response1 = theMovieDB.TVSeasons.getAccountStates(TVID, seasonNo): Send request successfully

2018-12-12 16:27:10 - [MESSAGE][PASSED] - Send request successfully

2018-12-12 16:27:10 - [MESSAGE][PASSED] - Send request successfully

2018-12-12 16:27:10 - [MESSAGE][PASSED] - Send request successfully

2018-12-12 16:27:10 - [MESSAGE][PASSED] - Send request successfully

2018-12-12 16:27:10 - [TEST_STEP][PASSED] - Statement - theMovieDB.TheMovieDBCommon.printDataValue(response1, "TV Seasons/Get Account States for TVID: " + TVID + "; season Number: " + seasonNo): null]]></system-out>
         <system-err><![CDATA[]]></system-err>
      </testcase>
      <testcase name="Test Cases/TV Seasons/03 Get TV On Air the Get Changes" classname="Test Cases/TV Seasons/03 Get TV On Air the Get Changes" status="PASSED">
         <system-out><![CDATA[2018-12-12 16:27:10 - [TEST_CASE][PASSED] - Test Cases/TV Seasons/03 Get TV On Air the Get Changes: Test Cases/TV Seasons/03 Get TV On Air the Get Changes

2018-12-12 16:27:10 - [TEST_STEP][PASSED] - Statement - response1 = theMovieDB.TVShow.getTVOnTheAir(): Send request successfully

2018-12-12 16:27:11 - [MESSAGE][PASSED] - Send request successfully

2018-12-12 16:27:11 - [TEST_STEP][PASSED] - Statement - TVID = theMovieDB.TVShow.getRandomTV(response1): null

2018-12-12 16:27:11 - [TEST_STEP][PASSED] - Statement - response1 = theMovieDB.TVShow.getDetails(TVID): Send request successfully

2018-12-12 16:27:11 - [MESSAGE][PASSED] - Send request successfully

2018-12-12 16:27:11 - [TEST_STEP][PASSED] - Statement - seasonNo = theMovieDB.TVShow.getRandomSeason(response1): null

2018-12-12 16:27:11 - [TEST_STEP][PASSED] - Statement - response1 = theMovieDB.TVSeasons.getChanges(seasonNo): Send request successfully

2018-12-12 16:27:11 - [MESSAGE][PASSED] - Send request successfully

2018-12-12 16:27:11 - [TEST_STEP][PASSED] - Statement - theMovieDB.TheMovieDBCommon.printDataValue(response1, "TV Seasons/Get Changes for TVID: " + TVID + "; season Number: " + seasonNo): null]]></system-out>
         <system-err><![CDATA[]]></system-err>
      </testcase>
      <testcase name="Test Cases/TV Seasons/04 Get TV On Air the Get Credits" classname="Test Cases/TV Seasons/04 Get TV On Air the Get Credits" status="PASSED">
         <system-out><![CDATA[2018-12-12 16:27:11 - [TEST_CASE][PASSED] - Test Cases/TV Seasons/04 Get TV On Air the Get Credits: Test Cases/TV Seasons/04 Get TV On Air the Get Credits

2018-12-12 16:27:11 - [TEST_STEP][PASSED] - Statement - response1 = theMovieDB.TVShow.getTVOnTheAir(): Send request successfully

2018-12-12 16:27:11 - [MESSAGE][PASSED] - Send request successfully

2018-12-12 16:27:11 - [TEST_STEP][PASSED] - Statement - TVID = theMovieDB.TVShow.getRandomTV(response1): null

2018-12-12 16:27:11 - [TEST_STEP][PASSED] - Statement - response1 = theMovieDB.TVShow.getDetails(TVID): Send request successfully

2018-12-12 16:27:12 - [MESSAGE][PASSED] - Send request successfully

2018-12-12 16:27:12 - [TEST_STEP][PASSED] - Statement - seasonNo = theMovieDB.TVShow.getRandomSeason(response1): null

2018-12-12 16:27:12 - [TEST_STEP][PASSED] - Statement - response1 = theMovieDB.TVSeasons.getCredits(TVID, seasonNo): Send request successfully

2018-12-12 16:27:12 - [MESSAGE][PASSED] - Send request successfully

2018-12-12 16:27:12 - [TEST_STEP][PASSED] - Statement - theMovieDB.TheMovieDBCommon.printDataValue(response1, "TV Seasons/Get Credits for TVID: " + TVID + "; season Number: " + seasonNo): null]]></system-out>
         <system-err><![CDATA[]]></system-err>
      </testcase>
      <testcase name="Test Cases/TV Seasons/05 Get TV On Air the Get Credits then Get Details" classname="Test Cases/TV Seasons/05 Get TV On Air the Get Credits then Get Details" status="PASSED">
         <system-out><![CDATA[2018-12-12 16:27:12 - [TEST_CASE][PASSED] - Test Cases/TV Seasons/05 Get TV On Air the Get Credits then Get Details: Test Cases/TV Seasons/05 Get TV On Air the Get Credits then Get Details

2018-12-12 16:27:12 - [TEST_STEP][PASSED] - Statement - response1 = theMovieDB.TVShow.getTVOnTheAir(): Send request successfully

2018-12-12 16:27:12 - [MESSAGE][PASSED] - Send request successfully

2018-12-12 16:27:12 - [TEST_STEP][PASSED] - Statement - TVID = theMovieDB.TVShow.getRandomTV(response1): null

2018-12-12 16:27:12 - [TEST_STEP][PASSED] - Statement - response1 = theMovieDB.TVShow.getDetails(TVID): Send request successfully

2018-12-12 16:27:13 - [MESSAGE][PASSED] - Send request successfully

2018-12-12 16:27:13 - [TEST_STEP][PASSED] - Statement - seasonNo = theMovieDB.TVShow.getRandomSeason(response1): null

2018-12-12 16:27:13 - [TEST_STEP][PASSED] - Statement - response1 = theMovieDB.TVSeasons.getCredits(TVID, seasonNo): Send request successfully

2018-12-12 16:27:13 - [MESSAGE][PASSED] - Send request successfully

2018-12-12 16:27:13 - [TEST_STEP][PASSED] - Statement - creditID = theMovieDB.TVShow.getRandomCredit(response1): null

2018-12-12 16:27:13 - [TEST_STEP][PASSED] - Statement - response1 = theMovieDB.Credits.getDetails(creditID): Send request successfully

2018-12-12 16:27:13 - [MESSAGE][PASSED] - Send request successfully

2018-12-12 16:27:13 - [TEST_STEP][PASSED] - Statement - theMovieDB.TheMovieDBCommon.printDataValue(response1, "TV Seasons/Get Credits Details for TVID: " + TVID + "; season Number: " + seasonNo + "; credit ID: " + creditID): null]]></system-out>
         <system-err><![CDATA[]]></system-err>
      </testcase>
      <system-out><![CDATA[2018-12-12 16:27:06 - [TEST_SUITE][PASSED] - 01 TV Season TV On Air and: Test Cases/TV Seasons/05 Get TV On Air the Get Credits then Get Details]]></system-out>
      <system-err><![CDATA[]]></system-err>
   </testsuite>
</testsuites>
