<?xml version="1.0" encoding="UTF-8"?>
<testsuites name="03 Get Popular then" time="7" tests="6" failures="0" errors="0">
   <testsuite name="03 Get Popular then" tests="6" failures="0" errors="0" time="7" timestamp="2018-12-06 16:05:35" hostname="hatha - DESKTOP-EG6P0UN.attlocal.net" id="Test Suites/Movie/03 Get Popular then">
      <properties>
         <property name="deviceName" value=""/>
         <property name="devicePlatform" value=""/>
         <property name="logFolder" value="C:\\Training\\API Testing\\APITestingTheMovieDB\\Reports\\Movie\\03 Get Popular then\\20181206_160532"/>
         <property name="logFiles" value="C:\\Training\\API Testing\\APITestingTheMovieDB\\Reports\\Movie\\03 Get Popular then\\20181206_160532\\execution0.log"/>
         <property name="attachments" value=""/>
         <property name="hostName" value="hatha - DESKTOP-EG6P0UN.attlocal.net"/>
         <property name="hostAddress" value="192.168.1.80"/>
         <property name="os" value="Windows 10 64bit"/>
         <property name="katalonVersion" value="5.8.5.1"/>
      </properties>
      <testcase name="Test Cases/Movie/12 Get Popular Get Release Dates" classname="Test Cases/Movie/12 Get Popular Get Release Dates" status="PASSED">
         <system-out><![CDATA[2018-12-06 16:05:36 - [TEST_CASE][PASSED] - Test Cases/Movie/12 Get Popular Get Release Dates: Test Cases/Movie/12 Get Popular Get Release Dates

2018-12-06 16:05:37 - [TEST_STEP][PASSED] - Statement - response1 = com.kms.katalon.core.webservice.keyword.WSBuiltInKeywords.sendRequest(com.kms.katalon.core.testobject.ObjectRepository.findTestObject(Movies/Get Popular)): Send request successfully

2018-12-06 16:05:38 - [MESSAGE][PASSED] - Send request successfully

2018-12-06 16:05:38 - [TEST_STEP][PASSED] - Statement - movieID = theMovieDB.Movie.getRandomMovie(response1): null

2018-12-06 16:05:38 - [TEST_STEP][PASSED] - Statement - If (movieID != -1): null

2018-12-06 16:05:38 - [TEST_STEP][PASSED] - Statement - response1 = theMovieDB.Movie.getReleaseDates(movieID): Send request successfully

2018-12-06 16:05:39 - [MESSAGE][PASSED] - Send request successfully

2018-12-06 16:05:39 - [TEST_STEP][PASSED] - Statement - theMovieDB.TheMovieDBCommon.printDataValue(response1, "Movies/Get Release Dates"): null]]></system-out>
         <system-err><![CDATA[]]></system-err>
      </testcase>
      <testcase name="Test Cases/Movie/13 Get Popular Get Recommendations" classname="Test Cases/Movie/13 Get Popular Get Recommendations" status="PASSED">
         <system-out><![CDATA[2018-12-06 16:05:39 - [TEST_CASE][PASSED] - Test Cases/Movie/13 Get Popular Get Recommendations: Test Cases/Movie/13 Get Popular Get Recommendations

2018-12-06 16:05:39 - [TEST_STEP][PASSED] - Statement - response1 = com.kms.katalon.core.webservice.keyword.WSBuiltInKeywords.sendRequest(com.kms.katalon.core.testobject.ObjectRepository.findTestObject(Movies/Get Popular)): Send request successfully

2018-12-06 16:05:39 - [MESSAGE][PASSED] - Send request successfully

2018-12-06 16:05:39 - [TEST_STEP][PASSED] - Statement - movieID = theMovieDB.Movie.getRandomMovie(response1): null

2018-12-06 16:05:39 - [TEST_STEP][PASSED] - Statement - If (movieID != -1): null

2018-12-06 16:05:39 - [TEST_STEP][PASSED] - Statement - response1 = theMovieDB.Movie.getRecommendations(movieID): Send request successfully

2018-12-06 16:05:40 - [MESSAGE][PASSED] - Send request successfully

2018-12-06 16:05:40 - [TEST_STEP][PASSED] - Statement - theMovieDB.TheMovieDBCommon.printDataValue(response1, "Movies/Get Recommendations"): null]]></system-out>
         <system-err><![CDATA[]]></system-err>
      </testcase>
      <testcase name="Test Cases/Movie/14 Get Popular Get Translations" classname="Test Cases/Movie/14 Get Popular Get Translations" status="PASSED">
         <system-out><![CDATA[2018-12-06 16:05:40 - [TEST_CASE][PASSED] - Test Cases/Movie/14 Get Popular Get Translations: Test Cases/Movie/14 Get Popular Get Translations

2018-12-06 16:05:40 - [TEST_STEP][PASSED] - Statement - response1 = com.kms.katalon.core.webservice.keyword.WSBuiltInKeywords.sendRequest(com.kms.katalon.core.testobject.ObjectRepository.findTestObject(Movies/Get Popular)): Send request successfully

2018-12-06 16:05:40 - [MESSAGE][PASSED] - Send request successfully

2018-12-06 16:05:40 - [TEST_STEP][PASSED] - Statement - movieID = theMovieDB.Movie.getRandomMovie(response1): null

2018-12-06 16:05:40 - [TEST_STEP][PASSED] - Statement - If (movieID != -1): null

2018-12-06 16:05:40 - [TEST_STEP][PASSED] - Statement - response1 = theMovieDB.Movie.getTranslations(movieID): Send request successfully

2018-12-06 16:05:40 - [MESSAGE][PASSED] - Send request successfully

2018-12-06 16:05:40 - [TEST_STEP][PASSED] - Statement - theMovieDB.TheMovieDBCommon.printDataValue(response1, "Movies/Get Translations"): null]]></system-out>
         <system-err><![CDATA[]]></system-err>
      </testcase>
      <testcase name="Test Cases/Movie/15 Get Popular Get Videos" classname="Test Cases/Movie/15 Get Popular Get Videos" status="PASSED">
         <system-out><![CDATA[2018-12-06 16:05:40 - [TEST_CASE][PASSED] - Test Cases/Movie/15 Get Popular Get Videos: Test Cases/Movie/15 Get Popular Get Videos

2018-12-06 16:05:41 - [TEST_STEP][PASSED] - Statement - response1 = com.kms.katalon.core.webservice.keyword.WSBuiltInKeywords.sendRequest(com.kms.katalon.core.testobject.ObjectRepository.findTestObject(Movies/Get Popular)): Send request successfully

2018-12-06 16:05:41 - [MESSAGE][PASSED] - Send request successfully

2018-12-06 16:05:41 - [TEST_STEP][PASSED] - Statement - movieID = theMovieDB.Movie.getRandomMovie(response1): null

2018-12-06 16:05:41 - [TEST_STEP][PASSED] - Statement - If (movieID != -1): null

2018-12-06 16:05:41 - [TEST_STEP][PASSED] - Statement - response1 = theMovieDB.Movie.getVideos(movieID): Send request successfully

2018-12-06 16:05:41 - [MESSAGE][PASSED] - Send request successfully

2018-12-06 16:05:41 - [TEST_STEP][PASSED] - Statement - theMovieDB.TheMovieDBCommon.printDataValue(response1, "Movies/Get Videos"): null]]></system-out>
         <system-err><![CDATA[]]></system-err>
      </testcase>
      <testcase name="Test Cases/Movie/16 Get Popular Get External IDs" classname="Test Cases/Movie/16 Get Popular Get External IDs" status="PASSED">
         <system-out><![CDATA[2018-12-06 16:05:41 - [TEST_CASE][PASSED] - Test Cases/Movie/16 Get Popular Get External IDs: Test Cases/Movie/16 Get Popular Get External IDs

2018-12-06 16:05:41 - [TEST_STEP][PASSED] - Statement - response1 = com.kms.katalon.core.webservice.keyword.WSBuiltInKeywords.sendRequest(com.kms.katalon.core.testobject.ObjectRepository.findTestObject(Movies/Get Popular)): Send request successfully

2018-12-06 16:05:42 - [MESSAGE][PASSED] - Send request successfully

2018-12-06 16:05:42 - [TEST_STEP][PASSED] - Statement - movieID = theMovieDB.Movie.getRandomMovie(response1): null

2018-12-06 16:05:42 - [TEST_STEP][PASSED] - Statement - If (movieID != -1): null

2018-12-06 16:05:42 - [TEST_STEP][PASSED] - Statement - response1 = theMovieDB.Movie.getExternalIDs(movieID): Send request successfully

2018-12-06 16:05:42 - [MESSAGE][PASSED] - Send request successfully

2018-12-06 16:05:42 - [TEST_STEP][PASSED] - Statement - theMovieDB.TheMovieDBCommon.printDataValue(response1, "Movies/Get External IDs"): null]]></system-out>
         <system-err><![CDATA[]]></system-err>
      </testcase>
      <testcase name="Test Cases/Movie/17 Get Popular Rate Movie" classname="Test Cases/Movie/17 Get Popular Rate Movie" status="PASSED">
         <system-out><![CDATA[2018-12-06 16:05:42 - [TEST_CASE][PASSED] - Test Cases/Movie/17 Get Popular Rate Movie: Test Cases/Movie/17 Get Popular Rate Movie

2018-12-06 16:05:42 - [TEST_STEP][PASSED] - Statement - response1 = theMovieDB.Movie.getPopular(): Send request successfully

2018-12-06 16:05:42 - [MESSAGE][PASSED] - Send request successfully

2018-12-06 16:05:42 - [TEST_STEP][PASSED] - Statement - movieID = theMovieDB.Movie.getRandomMovie(response1): null

2018-12-06 16:05:42 - [TEST_STEP][PASSED] - Statement - If (movieID != -1): null

2018-12-06 16:05:42 - [TEST_STEP][PASSED] - Statement - response1 = theMovieDB.Movie.rateMovie(movieID, 8.5): Send request successfully

2018-12-06 16:05:43 - [MESSAGE][PASSED] - Send request successfully

2018-12-06 16:05:43 - [TEST_STEP][PASSED] - Statement - theMovieDB.TheMovieDBCommon.printDataValue(response1, "Movies/Rate Movie"): null]]></system-out>
         <system-err><![CDATA[]]></system-err>
      </testcase>
      <system-out><![CDATA[2018-12-06 16:05:35 - [TEST_SUITE][PASSED] - 03 Get Popular then: Test Cases/Movie/17 Get Popular Rate Movie]]></system-out>
      <system-err><![CDATA[]]></system-err>
   </testsuite>
</testsuites>
