<?xml version="1.0" encoding="UTF-8"?>
<testsuites name="Genres Test Suite" time="3" tests="2" failures="0" errors="0">
   <testsuite name="Genres Test Suite" tests="2" failures="0" errors="0" time="3" timestamp="2018-12-18 15:00:37" hostname="hatha - DESKTOP-EG6P0UN.attlocal.net" id="Test Suites/Genres/Genres Test Suite">
      <properties>
         <property name="deviceName" value=""/>
         <property name="devicePlatform" value=""/>
         <property name="logFolder" value="C:\\Training\\API Testing\\APITestingTheMovieDB\\Reports\\Genres\\Genres Test Suite\\20181218_150035"/>
         <property name="logFiles" value="C:\\Training\\API Testing\\APITestingTheMovieDB\\Reports\\Genres\\Genres Test Suite\\20181218_150035\\execution0.log"/>
         <property name="attachments" value=""/>
         <property name="hostName" value="hatha - DESKTOP-EG6P0UN.attlocal.net"/>
         <property name="hostAddress" value="192.168.1.80"/>
         <property name="os" value="Windows 10 64bit"/>
         <property name="katalonVersion" value="5.8.5.1"/>
      </properties>
      <testcase name="Test Cases/Genres/01 Test Get Movie List" classname="Test Cases/Genres/01 Test Get Movie List" status="PASSED">
         <system-out><![CDATA[2018-12-18 15:00:38 - [TEST_CASE][PASSED] - Test Cases/Genres/01 Test Get Movie List: Test Cases/Genres/01 Test Get Movie List

2018-12-18 15:00:38 - [TEST_STEP][PASSED] - Statement - response1 = com.kms.katalon.core.webservice.keyword.WSBuiltInKeywords.sendRequest(com.kms.katalon.core.testobject.ObjectRepository.findTestObject(Genres/Get Movie List)): Send request successfully

2018-12-18 15:00:40 - [MESSAGE][PASSED] - Send request successfully

2018-12-18 15:00:40 - [TEST_STEP][PASSED] - Statement - theMovieDB.TheMovieDBCommon.printDataValue(response1, "Genres/Get Movie List"): null]]></system-out>
         <system-err><![CDATA[]]></system-err>
      </testcase>
      <testcase name="Test Cases/Genres/02 Test Get TV List" classname="Test Cases/Genres/02 Test Get TV List" status="PASSED">
         <system-out><![CDATA[2018-12-18 15:00:40 - [TEST_CASE][PASSED] - Test Cases/Genres/02 Test Get TV List: Test Cases/Genres/02 Test Get TV List

2018-12-18 15:00:40 - [TEST_STEP][PASSED] - Statement - response1 = com.kms.katalon.core.webservice.keyword.WSBuiltInKeywords.sendRequest(com.kms.katalon.core.testobject.ObjectRepository.findTestObject(Genres/Get TV List)): Send request successfully

2018-12-18 15:00:40 - [MESSAGE][PASSED] - Send request successfully

2018-12-18 15:00:40 - [TEST_STEP][PASSED] - Statement - theMovieDB.TheMovieDBCommon.printDataValue(response1, "Genres/Get TV List"): null]]></system-out>
         <system-err><![CDATA[]]></system-err>
      </testcase>
      <system-out><![CDATA[2018-12-18 15:00:37 - [TEST_SUITE][PASSED] - Genres Test Suite: Test Cases/Genres/02 Test Get TV List]]></system-out>
      <system-err><![CDATA[]]></system-err>
   </testsuite>
</testsuites>
