<?xml version="1.0" encoding="UTF-8"?>
<testsuites name="Collections Test suite" time="2" tests="1" failures="0" errors="0">
   <testsuite name="Collections Test suite" tests="1" failures="0" errors="0" time="2" timestamp="2018-12-18 14:39:26" hostname="hatha - DESKTOP-EG6P0UN.attlocal.net" id="Test Suites/Collections/Collections Test suite">
      <properties>
         <property name="deviceName" value=""/>
         <property name="devicePlatform" value=""/>
         <property name="logFolder" value="C:\\Training\\API Testing\\APITestingTheMovieDB\\Reports\\Collections\\Collections Test suite\\20181218_143924"/>
         <property name="logFiles" value="C:\\Training\\API Testing\\APITestingTheMovieDB\\Reports\\Collections\\Collections Test suite\\20181218_143924\\execution0.log"/>
         <property name="attachments" value=""/>
         <property name="hostName" value="hatha - DESKTOP-EG6P0UN.attlocal.net"/>
         <property name="hostAddress" value="192.168.1.80"/>
         <property name="os" value="Windows 10 64bit"/>
         <property name="katalonVersion" value="5.8.5.1"/>
      </properties>
      <testcase name="Test Cases/Collections/Test Get Details Images Translations" classname="Test Cases/Collections/Test Get Details Images Translations" status="PASSED">
         <system-out><![CDATA[2018-12-18 14:39:27 - [TEST_CASE][PASSED] - Test Cases/Collections/Test Get Details Images Translations: Test Cases/Collections/Test Get Details Images Translations

2018-12-18 14:39:27 - [TEST_STEP][PASSED] - Statement - response1 = com.kms.katalon.core.webservice.keyword.WSBuiltInKeywords.sendRequest(com.kms.katalon.core.testobject.ObjectRepository.findTestObject(Collections/Get Details)): Send request successfully

2018-12-18 14:39:29 - [MESSAGE][PASSED] - Send request successfully

2018-12-18 14:39:29 - [TEST_STEP][PASSED] - Statement - theMovieDB.TheMovieDBCommon.printDataValue(response1, "Collections/Get Details"): null

2018-12-18 14:39:29 - [TEST_STEP][PASSED] - Statement - response2 = com.kms.katalon.core.webservice.keyword.WSBuiltInKeywords.sendRequest(com.kms.katalon.core.testobject.ObjectRepository.findTestObject(Collections/Get Images)): Send request successfully

2018-12-18 14:39:29 - [MESSAGE][PASSED] - Send request successfully

2018-12-18 14:39:29 - [TEST_STEP][PASSED] - Statement - theMovieDB.TheMovieDBCommon.printDataValue(response2, "Collections/Get Images"): null

2018-12-18 14:39:29 - [TEST_STEP][PASSED] - Statement - response3 = com.kms.katalon.core.webservice.keyword.WSBuiltInKeywords.sendRequest(com.kms.katalon.core.testobject.ObjectRepository.findTestObject(Collections/Get Translations)): Send request successfully

2018-12-18 14:39:29 - [MESSAGE][PASSED] - Send request successfully

2018-12-18 14:39:29 - [TEST_STEP][PASSED] - Statement - theMovieDB.TheMovieDBCommon.printDataValue(response3, "Collections/Get Translations"): null]]></system-out>
         <system-err><![CDATA[]]></system-err>
      </testcase>
      <system-out><![CDATA[2018-12-18 14:39:26 - [TEST_SUITE][PASSED] - Collections Test suite: Test Cases/Collections/Test Get Details Images Translations]]></system-out>
      <system-err><![CDATA[]]></system-err>
   </testsuite>
</testsuites>
